2024-05-04 18:32:42.180 [main] INFO  Freerouting v1.9.0 (build-date: 2023-10-30)
2024-05-04 18:32:42.211 [main] INFO  Settings were loaded from freerouting.json
2024-05-04 18:32:43.240 [main] INFO  Opening 'driver_cplex_rp2040.dsn'...
2024-05-04 18:32:43.235 [Thread-3] ERROR java/net/http/HttpClient
java.lang.NoClassDefFoundError: java/net/http/HttpClient
	at app.freerouting.management.VersionChecker.run(VersionChecker.java:23) ~[freerouting-executable.jar:unspecified]
	at java.lang.Thread.run(Unknown Source) [?:?]
Caused by: java.lang.ClassNotFoundException: java.net.http.HttpClient
	at jdk.internal.loader.BuiltinClassLoader.loadClass(Unknown Source) ~[?:?]
	at jdk.internal.loader.ClassLoaders$AppClassLoader.loadClass(Unknown Source) ~[?:?]
	at java.lang.ClassLoader.loadClass(Unknown Source) ~[?:?]
	... 2 more
2024-05-04 18:32:49.682 [Thread-34] INFO  Starting auto-routing...
2024-05-04 18:32:51.491 [Thread-34] WARN  FloatLine: Parameter is null
2024-05-04 18:33:09.672 [Thread-34] WARN  border_intersections: intersection_count (2) is too big!
2024-05-04 18:45:03.303 [Thread-34] INFO  Auto-routing was completed in 12 minute(s) 13.62 seconds.
2024-05-04 18:45:03.404 [Thread-34] INFO  Starting route optimization on 1 thread...
2024-05-04 18:45:03.417 [Thread-34] INFO  Route optimization was completed in 0.01 seconds.
2024-05-04 18:58:45.130 [main] INFO  Freerouting v1.9.0 (build-date: 2023-10-30)
2024-05-04 18:58:45.162 [main] INFO  Settings were loaded from freerouting.json
2024-05-04 18:58:46.191 [main] INFO  Opening 'driver_cplex_rp2040.dsn'...
2024-05-04 18:58:46.186 [Thread-3] ERROR java/net/http/HttpClient
java.lang.NoClassDefFoundError: java/net/http/HttpClient
	at app.freerouting.management.VersionChecker.run(VersionChecker.java:23) ~[freerouting-executable.jar:unspecified]
	at java.lang.Thread.run(Unknown Source) [?:?]
Caused by: java.lang.ClassNotFoundException: java.net.http.HttpClient
	at jdk.internal.loader.BuiltinClassLoader.loadClass(Unknown Source) ~[?:?]
	at jdk.internal.loader.ClassLoaders$AppClassLoader.loadClass(Unknown Source) ~[?:?]
	at java.lang.ClassLoader.loadClass(Unknown Source) ~[?:?]
	... 2 more
2024-05-04 18:58:52.028 [Thread-34] INFO  Starting auto-routing...
2024-05-04 18:58:52.539 [Thread-34] WARN  FloatLine: Parameter is null
2024-05-04 18:59:16.899 [Thread-34] WARN  border_intersections: intersection_count (2) is too big!
2024-05-04 19:09:22.329 [Thread-34] INFO  Auto-routing was completed in 10 minute(s) 30.30 seconds.
2024-05-04 19:09:22.430 [Thread-34] INFO  Starting route optimization on 1 thread...
2024-05-04 19:09:22.438 [Thread-34] INFO  Route optimization was completed in 0.01 seconds.
2024-05-04 19:11:41.908 [main] INFO  Freerouting v1.9.0 (build-date: 2023-10-30)
2024-05-04 19:11:41.940 [main] INFO  Settings were loaded from freerouting.json
2024-05-04 19:11:42.957 [main] INFO  Opening 'driver_cplex_rp2040.dsn'...
2024-05-04 19:11:42.954 [Thread-3] ERROR java/net/http/HttpClient
java.lang.NoClassDefFoundError: java/net/http/HttpClient
	at app.freerouting.management.VersionChecker.run(VersionChecker.java:23) ~[freerouting-executable.jar:unspecified]
	at java.lang.Thread.run(Unknown Source) [?:?]
Caused by: java.lang.ClassNotFoundException: java.net.http.HttpClient
	at jdk.internal.loader.BuiltinClassLoader.loadClass(Unknown Source) ~[?:?]
	at jdk.internal.loader.ClassLoaders$AppClassLoader.loadClass(Unknown Source) ~[?:?]
	at java.lang.ClassLoader.loadClass(Unknown Source) ~[?:?]
	... 2 more
2024-05-04 19:11:48.471 [Thread-34] INFO  Starting auto-routing...
2024-05-04 19:11:49.032 [Thread-34] WARN  FloatLine: Parameter is null
2024-05-04 19:12:39.364 [Thread-34] WARN  border_intersections: intersection_count (2) is too big!
2024-05-04 19:13:09.216 [AWT-EventQueue-0] WARN  NetIncompletes.calculate_net_items: too many items
2024-05-04 19:13:09.221 [AWT-EventQueue-0] WARN  NetIncompletes.calculate_net_items: too many items
2024-05-04 19:13:09.229 [AWT-EventQueue-0] WARN  NetIncompletes.calculate_net_items: too many items
2024-05-04 19:13:09.232 [AWT-EventQueue-0] WARN  NetIncompletes.calculate_net_items: too many items
2024-05-04 19:13:09.234 [AWT-EventQueue-0] WARN  NetIncompletes.calculate_net_items: too many items
2024-05-04 19:13:09.237 [AWT-EventQueue-0] WARN  NetIncompletes.calculate_net_items: too many items
2024-05-04 19:13:09.240 [Thread-34] WARN  OptViaAlgo.opt_via_location: move via failed
2024-05-04 19:13:09.240 [AWT-EventQueue-0] WARN  NetIncompletes.calculate_net_items: too many items
2024-05-04 19:13:09.243 [AWT-EventQueue-0] WARN  NetIncompletes.calculate_net_items: too many items
2024-05-04 19:13:09.244 [AWT-EventQueue-0] WARN  NetIncompletes.calculate_net_items: too many items
2024-05-04 19:13:09.247 [AWT-EventQueue-0] WARN  NetIncompletes.calculate_net_items: too many items
2024-05-04 19:13:09.249 [AWT-EventQueue-0] WARN  NetIncompletes.calculate_net_items: too many items
2024-05-04 19:13:09.250 [AWT-EventQueue-0] WARN  NetIncompletes.calculate_net_items: too many items
2024-05-04 19:13:09.252 [AWT-EventQueue-0] WARN  NetIncompletes.calculate_net_items: too many items
2024-05-04 19:13:09.255 [AWT-EventQueue-0] WARN  NetIncompletes.calculate_net_items: too many items
2024-05-04 19:13:09.256 [AWT-EventQueue-0] WARN  NetIncompletes.calculate_net_items: too many items
2024-05-04 19:13:09.258 [AWT-EventQueue-0] WARN  NetIncompletes.calculate_net_items: too many items
2024-05-04 19:13:09.260 [AWT-EventQueue-0] WARN  NetIncompletes.calculate_net_items: too many items
2024-05-04 19:13:09.262 [AWT-EventQueue-0] WARN  NetIncompletes.calculate_net_items: too many items
2024-05-04 19:13:09.263 [AWT-EventQueue-0] WARN  NetIncompletes.calculate_net_items: too many items
2024-05-04 19:13:09.264 [AWT-EventQueue-0] WARN  NetIncompletes.calculate_net_items: too many items
2024-05-04 19:13:09.265 [AWT-EventQueue-0] WARN  NetIncompletes.calculate_net_items: too many items
2024-05-04 19:13:09.267 [AWT-EventQueue-0] WARN  NetIncompletes.calculate_net_items: too many items
2024-05-04 19:13:09.269 [AWT-EventQueue-0] WARN  NetIncompletes.calculate_net_items: too many items
2024-05-04 19:13:09.273 [AWT-EventQueue-0] WARN  NetIncompletes.calculate_net_items: too many items
2024-05-04 19:13:09.274 [AWT-EventQueue-0] WARN  NetIncompletes.calculate_net_items: too many items
2024-05-04 19:13:09.275 [AWT-EventQueue-0] WARN  NetIncompletes.calculate_net_items: too many items
2024-05-04 19:13:09.278 [AWT-EventQueue-0] WARN  NetIncompletes.calculate_net_items: too many items
2024-05-04 19:13:09.279 [AWT-EventQueue-0] WARN  NetIncompletes.calculate_net_items: too many items
2024-05-04 19:13:09.281 [AWT-EventQueue-0] WARN  NetIncompletes.calculate_net_items: too many items
2024-05-04 19:13:09.283 [AWT-EventQueue-0] WARN  NetIncompletes.calculate_net_items: too many items
2024-05-04 19:13:09.284 [AWT-EventQueue-0] WARN  NetIncompletes.calculate_net_items: too many items
2024-05-04 19:14:13.246 [AWT-EventQueue-0] WARN  NetIncompletes.calculate_net_items: too many items
2024-05-04 19:14:13.250 [AWT-EventQueue-0] WARN  NetIncompletes.calculate_net_items: too many items
2024-05-04 19:14:13.266 [AWT-EventQueue-0] WARN  NetIncompletes.calculate_net_items: too many items
2024-05-04 19:14:13.274 [AWT-EventQueue-0] WARN  NetIncompletes.calculate_net_items: too many items
2024-05-04 19:14:13.275 [AWT-EventQueue-0] WARN  NetIncompletes.calculate_net_items: too many items
2024-05-04 19:14:13.275 [AWT-EventQueue-0] ERROR Cannot invoke "app.freerouting.geometry.planar.RegularTileShape.intersects(app.freerouting.geometry.planar.Shape)" because "curr_node.bounding_shape" is null
java.lang.NullPointerException: Cannot invoke "app.freerouting.geometry.planar.RegularTileShape.intersects(app.freerouting.geometry.planar.Shape)" because "curr_node.bounding_shape" is null
	at app.freerouting.datastructures.MinAreaTree.overlaps(MinAreaTree.java:40) ~[freerouting-executable.jar:unspecified]
	at app.freerouting.board.ShapeSearchTree.overlapping_tree_entries(ShapeSearchTree.java:368) ~[freerouting-executable.jar:unspecified]
	at app.freerouting.board.ShapeSearchTree.overlapping_objects(ShapeSearchTree.java:319) ~[freerouting-executable.jar:unspecified]
	at app.freerouting.board.ShapeSearchTree.overlapping_objects(ShapeSearchTree.java:333) ~[freerouting-executable.jar:unspecified]
	at app.freerouting.board.BasicBoard.overlapping_objects(BasicBoard.java:965) ~[freerouting-executable.jar:unspecified]
	at app.freerouting.board.Trace.get_normal_contacts(Trace.java:173) ~[freerouting-executable.jar:unspecified]
	at app.freerouting.board.Trace.get_end_contacts(Trace.java:107) ~[freerouting-executable.jar:unspecified]
	at app.freerouting.board.Trace.get_ratsnest_corners(Trace.java:328) ~[freerouting-executable.jar:unspecified]
	at app.freerouting.interactive.NetIncompletes$NetItem.get_triangulation_corners(NetIncompletes.java:290) ~[freerouting-executable.jar:unspecified]
	at app.freerouting.datastructures.PlanarDelaunayTriangulation.<init>(PlanarDelaunayTriangulation.java:49) ~[freerouting-executable.jar:unspecified]
	at app.freerouting.interactive.NetIncompletes.<init>(NetIncompletes.java:48) ~[freerouting-executable.jar:unspecified]
	at app.freerouting.interactive.RatsNest.<init>(RatsNest.java:55) ~[freerouting-executable.jar:unspecified]
	at app.freerouting.interactive.BoardHandling.create_ratsnest(BoardHandling.java:388) ~[freerouting-executable.jar:unspecified]
	at app.freerouting.interactive.BoardHandling.toggle_ratsnest(BoardHandling.java:365) ~[freerouting-executable.jar:unspecified]
	at app.freerouting.gui.BoardToolbar.lambda$new$12(BoardToolbar.java:159) ~[freerouting-executable.jar:unspecified]
	at javax.swing.AbstractButton.fireActionPerformed(Unknown Source) ~[?:?]
	at javax.swing.AbstractButton$Handler.actionPerformed(Unknown Source) ~[?:?]
	at javax.swing.DefaultButtonModel.fireActionPerformed(Unknown Source) ~[?:?]
	at javax.swing.DefaultButtonModel.setPressed(Unknown Source) ~[?:?]
	at javax.swing.plaf.basic.BasicButtonListener.mouseReleased(Unknown Source) ~[?:?]
	at java.awt.AWTEventMulticaster.mouseReleased(Unknown Source) ~[?:?]
	at java.awt.Component.processMouseEvent(Unknown Source) ~[?:?]
	at javax.swing.JComponent.processMouseEvent(Unknown Source) ~[?:?]
	at java.awt.Component.processEvent(Unknown Source) ~[?:?]
	at java.awt.Container.processEvent(Unknown Source) ~[?:?]
	at java.awt.Component.dispatchEventImpl(Unknown Source) ~[?:?]
	at java.awt.Container.dispatchEventImpl(Unknown Source) ~[?:?]
	at java.awt.Component.dispatchEvent(Unknown Source) ~[?:?]
	at java.awt.LightweightDispatcher.retargetMouseEvent(Unknown Source) ~[?:?]
	at java.awt.LightweightDispatcher.processMouseEvent(Unknown Source) ~[?:?]
	at java.awt.LightweightDispatcher.dispatchEvent(Unknown Source) ~[?:?]
	at java.awt.Container.dispatchEventImpl(Unknown Source) ~[?:?]
	at java.awt.Window.dispatchEventImpl(Unknown Source) ~[?:?]
	at java.awt.Component.dispatchEvent(Unknown Source) ~[?:?]
	at java.awt.EventQueue.dispatchEventImpl(Unknown Source) ~[?:?]
	at java.awt.EventQueue$4.run(Unknown Source) ~[?:?]
	at java.awt.EventQueue$4.run(Unknown Source) ~[?:?]
	at java.security.AccessController.doPrivileged(Unknown Source) ~[?:?]
	at java.security.ProtectionDomain$JavaSecurityAccessImpl.doIntersectionPrivilege(Unknown Source) ~[?:?]
	at java.security.ProtectionDomain$JavaSecurityAccessImpl.doIntersectionPrivilege(Unknown Source) ~[?:?]
	at java.awt.EventQueue$5.run(Unknown Source) ~[?:?]
	at java.awt.EventQueue$5.run(Unknown Source) ~[?:?]
	at java.security.AccessController.doPrivileged(Unknown Source) ~[?:?]
	at java.security.ProtectionDomain$JavaSecurityAccessImpl.doIntersectionPrivilege(Unknown Source) ~[?:?]
	at java.awt.EventQueue.dispatchEvent(Unknown Source) ~[?:?]
	at java.awt.EventDispatchThread.pumpOneEventForFilters(Unknown Source) [?:?]
	at java.awt.EventDispatchThread.pumpEventsForFilter(Unknown Source) [?:?]
	at java.awt.EventDispatchThread.pumpEventsForHierarchy(Unknown Source) [?:?]
	at java.awt.EventDispatchThread.pumpEvents(Unknown Source) [?:?]
	at java.awt.EventDispatchThread.pumpEvents(Unknown Source) [?:?]
	at java.awt.EventDispatchThread.run(Unknown Source) [?:?]
2024-05-04 19:14:16.351 [AWT-EventQueue-0] WARN  NetIncompletes.calculate_net_items: too many items
2024-05-04 19:14:16.357 [AWT-EventQueue-0] WARN  NetIncompletes.calculate_net_items: too many items
2024-05-04 19:14:16.372 [AWT-EventQueue-0] WARN  NetIncompletes.calculate_net_items: too many items
2024-05-04 19:14:16.378 [AWT-EventQueue-0] WARN  NetIncompletes.calculate_net_items: too many items
2024-05-04 19:14:16.380 [AWT-EventQueue-0] WARN  NetIncompletes.calculate_net_items: too many items
2024-05-04 19:14:16.380 [AWT-EventQueue-0] WARN  NetIncompletes.calculate_net_items: too many items
2024-05-04 19:14:16.381 [AWT-EventQueue-0] WARN  NetIncompletes.calculate_net_items: too many items
2024-05-04 19:14:16.382 [AWT-EventQueue-0] WARN  NetIncompletes.calculate_net_items: too many items
2024-05-04 19:14:16.383 [AWT-EventQueue-0] WARN  NetIncompletes.calculate_net_items: too many items
2024-05-04 19:14:16.385 [AWT-EventQueue-0] WARN  NetIncompletes.calculate_net_items: too many items
2024-05-04 19:14:16.386 [AWT-EventQueue-0] WARN  NetIncompletes.calculate_net_items: too many items
2024-05-04 19:14:16.388 [AWT-EventQueue-0] WARN  NetIncompletes.calculate_net_items: too many items
2024-05-04 19:14:16.388 [AWT-EventQueue-0] WARN  NetIncompletes.calculate_net_items: too many items
2024-05-04 19:14:16.390 [AWT-EventQueue-0] WARN  NetIncompletes.calculate_net_items: too many items
2024-05-04 19:14:16.391 [AWT-EventQueue-0] WARN  NetIncompletes.calculate_net_items: too many items
2024-05-04 19:14:16.393 [AWT-EventQueue-0] WARN  NetIncompletes.calculate_net_items: too many items
2024-05-04 19:14:16.397 [AWT-EventQueue-0] WARN  NetIncompletes.calculate_net_items: too many items
2024-05-04 19:14:16.398 [AWT-EventQueue-0] WARN  NetIncompletes.calculate_net_items: too many items
2024-05-04 19:14:16.399 [AWT-EventQueue-0] WARN  NetIncompletes.calculate_net_items: too many items
2024-05-04 19:14:16.399 [AWT-EventQueue-0] WARN  NetIncompletes.calculate_net_items: too many items
2024-05-04 19:14:16.400 [AWT-EventQueue-0] WARN  NetIncompletes.calculate_net_items: too many items
2024-05-04 19:14:16.400 [AWT-EventQueue-0] WARN  NetIncompletes.calculate_net_items: too many items
2024-05-04 19:14:16.400 [AWT-EventQueue-0] WARN  NetIncompletes.calculate_net_items: too many items
2024-05-04 19:14:16.401 [AWT-EventQueue-0] WARN  NetIncompletes.calculate_net_items: too many items
2024-05-04 19:14:16.402 [AWT-EventQueue-0] WARN  NetIncompletes.calculate_net_items: too many items
2024-05-04 19:14:16.402 [AWT-EventQueue-0] WARN  NetIncompletes.calculate_net_items: too many items
2024-05-04 19:19:58.798 [Thread-34] WARN  There were only 19.75 changes in the last 20 passes, so it's very likely that autorouter can't improve the result much further. It is recommended to stop it and finish the board manually.
2024-05-04 19:22:16.433 [Thread-34] INFO  Auto-routing was completed in 10 minute(s) 27.96 seconds.
2024-05-04 19:22:16.534 [Thread-34] INFO  Starting route optimization on 1 thread...
2024-05-04 19:22:16.541 [Thread-34] INFO  Route optimization was completed in 0.01 seconds.
2024-05-04 19:22:42.311 [main] INFO  Freerouting v1.9.0 (build-date: 2023-10-30)
2024-05-04 19:22:42.343 [main] INFO  Settings were loaded from freerouting.json
2024-05-04 19:22:43.371 [main] INFO  Opening 'driver_cplex_rp2040.dsn'...
2024-05-04 19:22:43.366 [Thread-3] ERROR java/net/http/HttpClient
java.lang.NoClassDefFoundError: java/net/http/HttpClient
	at app.freerouting.management.VersionChecker.run(VersionChecker.java:23) ~[freerouting-executable.jar:unspecified]
	at java.lang.Thread.run(Unknown Source) [?:?]
Caused by: java.lang.ClassNotFoundException: java.net.http.HttpClient
	at jdk.internal.loader.BuiltinClassLoader.loadClass(Unknown Source) ~[?:?]
	at jdk.internal.loader.ClassLoaders$AppClassLoader.loadClass(Unknown Source) ~[?:?]
	at java.lang.ClassLoader.loadClass(Unknown Source) ~[?:?]
	... 2 more
2024-05-04 19:22:51.731 [Thread-34] INFO  Starting auto-routing...
2024-05-04 19:22:52.408 [Thread-34] WARN  FloatLine: Parameter is null
2024-05-04 19:27:55.130 [Thread-34] INFO  Auto-routing was completed in 5 minute(s) 3.40 seconds.
2024-05-04 19:27:55.231 [Thread-34] INFO  Starting route optimization on 1 thread...
2024-05-04 19:27:55.239 [Thread-34] INFO  Route optimization was completed in 0.01 seconds.
2024-05-04 19:28:30.765 [main] INFO  Freerouting v1.9.0 (build-date: 2023-10-30)
2024-05-04 19:28:30.799 [main] INFO  Settings were loaded from freerouting.json
2024-05-04 19:28:31.822 [main] INFO  Opening 'driver_cplex_rp2040.dsn'...
2024-05-04 19:28:31.817 [Thread-3] ERROR java/net/http/HttpClient
java.lang.NoClassDefFoundError: java/net/http/HttpClient
	at app.freerouting.management.VersionChecker.run(VersionChecker.java:23) ~[freerouting-executable.jar:unspecified]
	at java.lang.Thread.run(Unknown Source) [?:?]
Caused by: java.lang.ClassNotFoundException: java.net.http.HttpClient
	at jdk.internal.loader.BuiltinClassLoader.loadClass(Unknown Source) ~[?:?]
	at jdk.internal.loader.ClassLoaders$AppClassLoader.loadClass(Unknown Source) ~[?:?]
	at java.lang.ClassLoader.loadClass(Unknown Source) ~[?:?]
	... 2 more
2024-05-04 19:28:40.356 [Thread-34] INFO  Starting auto-routing...
2024-05-04 19:28:41.068 [Thread-34] WARN  FloatLine: Parameter is null
2024-05-04 19:29:36.549 [Thread-34] WARN  CalcFromSide: start corner was not found
2024-05-04 19:29:36.550 [Thread-34] WARN  CalcFromSide: start corner was not found
2024-05-04 19:29:36.552 [Thread-34] WARN  CalcFromSide: start corner was not found
2024-05-04 19:30:57.942 [Thread-34] INFO  Auto-routing was completed in 2 minute(s) 17.58 seconds.
2024-05-04 19:30:58.043 [Thread-34] INFO  Starting route optimization on 1 thread...
2024-05-04 19:33:34.596 [Thread-34] INFO  Route optimization was completed in 2 minute(s) 36.55 seconds.
2024-05-04 20:21:28.565 [AWT-EventQueue-0] INFO  Saving 'driver_cplex_rp2040.ses'...
2024-05-04 20:21:42.650 [AWT-EventQueue-0] INFO  Saving 'driver_cplex_rp2040.ses'...
2024-05-05 11:40:23.208 [main] INFO  Freerouting v1.9.0 (build-date: 2023-10-30)
2024-05-05 11:40:23.240 [main] INFO  Settings were loaded from freerouting.json
2024-05-05 11:40:24.261 [main] INFO  Opening 'driver_cplex_rp2040.dsn'...
2024-05-05 11:40:24.259 [Thread-3] ERROR java/net/http/HttpClient
java.lang.NoClassDefFoundError: java/net/http/HttpClient
	at app.freerouting.management.VersionChecker.run(VersionChecker.java:23) ~[freerouting-executable.jar:unspecified]
	at java.lang.Thread.run(Unknown Source) [?:?]
Caused by: java.lang.ClassNotFoundException: java.net.http.HttpClient
	at jdk.internal.loader.BuiltinClassLoader.loadClass(Unknown Source) ~[?:?]
	at jdk.internal.loader.ClassLoaders$AppClassLoader.loadClass(Unknown Source) ~[?:?]
	at java.lang.ClassLoader.loadClass(Unknown Source) ~[?:?]
	... 2 more
2024-05-05 11:40:29.546 [Thread-34] INFO  Starting auto-routing...
2024-05-05 11:40:30.002 [Thread-34] WARN  FloatLine: Parameter is null
2024-05-05 11:41:34.206 [Thread-34] WARN  border_intersections: intersection_count (2) is too big!
2024-05-05 11:42:07.572 [Thread-34] WARN  RoutingBoard.insert_forced_trace_polyline: shove trace failed
2024-05-05 11:44:12.421 [Thread-34] WARN  border_intersections: intersection_count (2) is too big!
2024-05-05 11:45:54.671 [Thread-34] WARN  border_intersections: intersection_count (2) is too big!
2024-05-05 11:49:58.799 [Thread-34] INFO  Auto-routing was completed in 9 minute(s) 29.25 seconds.
2024-05-05 11:49:58.900 [Thread-34] INFO  Starting route optimization on 1 thread...
2024-05-05 11:52:45.559 [Thread-34] INFO  Route optimization was completed in 2 minute(s) 46.66 seconds.
2024-05-05 11:58:12.160 [AWT-EventQueue-0] INFO  Saving 'driver_cplex_rp2040.ses'...
2024-05-05 12:03:59.855 [main] INFO  Freerouting v1.9.0 (build-date: 2023-10-30)
2024-05-05 12:03:59.887 [main] INFO  Settings were loaded from freerouting.json
2024-05-05 12:04:00.915 [main] INFO  Opening 'driver_cplex_rp2040.dsn'...
2024-05-05 12:04:00.910 [Thread-3] ERROR java/net/http/HttpClient
java.lang.NoClassDefFoundError: java/net/http/HttpClient
	at app.freerouting.management.VersionChecker.run(VersionChecker.java:23) ~[freerouting-executable.jar:unspecified]
	at java.lang.Thread.run(Unknown Source) [?:?]
Caused by: java.lang.ClassNotFoundException: java.net.http.HttpClient
	at jdk.internal.loader.BuiltinClassLoader.loadClass(Unknown Source) ~[?:?]
	at jdk.internal.loader.ClassLoaders$AppClassLoader.loadClass(Unknown Source) ~[?:?]
	at java.lang.ClassLoader.loadClass(Unknown Source) ~[?:?]
	... 2 more
2024-05-05 12:04:09.396 [Thread-34] INFO  Starting auto-routing...
2024-05-05 12:04:09.860 [Thread-34] WARN  FloatLine: Parameter is null
2024-05-05 12:12:31.245 [Thread-34] WARN  CalcFromSide: start corner was not found
2024-05-05 12:12:31.959 [Thread-34] WARN  CalcFromSide: start corner was not found
2024-05-05 12:16:46.745 [Thread-34] WARN  border_intersections: intersection_count (2) is too big!
2024-05-05 12:21:20.388 [Thread-34] WARN  border_intersections: intersection_count (2) is too big!
2024-05-05 12:23:49.364 [Thread-34] WARN  border_intersections: intersection_count (2) is too big!
2024-05-05 12:32:38.322 [Thread-34] WARN  border_intersections: intersection_count (2) is too big!
2024-05-05 12:36:37.904 [Thread-34] WARN  There were only 16.95 changes in the last 20 passes, so it's very likely that autorouter can't improve the result much further. It is recommended to stop it and finish the board manually.
2024-05-05 12:44:13.360 [Thread-34] WARN  CalcFromSide: start corner was not found
2024-05-05 12:44:13.362 [Thread-34] WARN  CalcFromSide: start corner was not found
2024-05-05 12:44:21.021 [Thread-34] WARN  CalcFromSide: start corner was not found
2024-05-05 12:44:21.101 [Thread-34] WARN  CalcFromSide: start corner was not found
2024-05-05 12:44:22.194 [Thread-34] WARN  CalcFromSide: start corner was not found
2024-05-05 12:44:25.014 [Thread-34] WARN  CalcFromSide: start corner was not found
2024-05-05 12:44:27.006 [Thread-34] WARN  CalcFromSide: start corner was not found
2024-05-05 12:44:28.515 [Thread-34] WARN  CalcFromSide: start corner was not found
2024-05-05 12:44:31.200 [Thread-34] WARN  CalcFromSide: start corner was not found
2024-05-05 12:44:31.674 [Thread-34] WARN  CalcFromSide: start corner was not found
2024-05-05 12:44:43.203 [Thread-34] WARN  CalcFromSide: start corner was not found
2024-05-05 12:44:43.208 [Thread-34] WARN  CalcFromSide: start corner was not found
2024-05-05 12:44:43.211 [Thread-34] WARN  CalcFromSide: start corner was not found
2024-05-05 12:44:47.059 [Thread-34] WARN  CalcFromSide: start corner was not found
2024-05-05 12:44:50.019 [Thread-34] WARN  CalcFromSide: start corner was not found
2024-05-05 12:48:43.699 [Thread-34] INFO  Auto-routing was completed in 44 minute(s) 34.30 seconds.
2024-05-05 12:48:43.800 [Thread-34] INFO  Starting route optimization on 1 thread...
2024-05-05 12:49:16.045 [Thread-34] WARN  border_intersections: intersection_count (2) is too big!
2024-05-05 12:51:21.944 [Thread-34] WARN  border_intersections: intersection_count (2) is too big!
2024-05-05 12:52:32.921 [Thread-34] WARN  FloatLine: Parameter is null
2024-05-05 12:56:04.140 [Thread-34] WARN  border_intersections: intersection_count (2) is too big!
2024-05-05 13:01:41.584 [Thread-34] WARN  border_intersections: intersection_count (2) is too big!
2024-05-05 13:17:53.003 [Thread-34] WARN  FloatLine: Parameter is null
2024-05-05 13:23:03.770 [Thread-34] WARN  border_intersections: intersection_count (2) is too big!
2024-05-05 13:23:03.783 [Thread-34] WARN  border_intersections: intersection_count (2) is too big!
2024-05-05 13:23:03.785 [Thread-34] WARN  border_intersections: intersection_count (2) is too big!
2024-05-05 13:23:03.807 [Thread-34] WARN  border_intersections: intersection_count (2) is too big!
2024-05-05 13:23:07.987 [Thread-34] WARN  border_intersections: intersection_count (2) is too big!
2024-05-05 13:23:08.109 [Thread-34] WARN  border_intersections: intersection_count (2) is too big!
2024-05-05 13:23:08.112 [Thread-34] WARN  border_intersections: intersection_count (2) is too big!
2024-05-05 13:23:08.128 [Thread-34] WARN  border_intersections: intersection_count (2) is too big!
2024-05-05 13:23:08.132 [Thread-34] WARN  border_intersections: intersection_count (2) is too big!
2024-05-05 13:23:08.147 [Thread-34] WARN  border_intersections: intersection_count (2) is too big!
2024-05-05 13:26:56.650 [Thread-34] WARN  border_intersections: intersection_count (2) is too big!
2024-05-05 13:31:52.352 [Thread-34] WARN  FloatLine: Parameter is null
2024-05-05 13:41:31.161 [Thread-34] WARN  border_intersections: intersection_count (2) is too big!
2024-05-05 13:41:32.472 [Thread-34] WARN  border_intersections: intersection_count (2) is too big!
2024-05-05 13:41:44.856 [Thread-34] WARN  border_intersections: intersection_count (2) is too big!
2024-05-05 13:41:45.694 [Thread-34] WARN  border_intersections: intersection_count (2) is too big!
2024-05-05 13:41:48.739 [Thread-34] WARN  border_intersections: intersection_count (2) is too big!
2024-05-05 13:41:51.657 [Thread-34] WARN  border_intersections: intersection_count (2) is too big!
2024-05-05 13:41:58.169 [Thread-34] WARN  border_intersections: intersection_count (2) is too big!
2024-05-05 13:42:10.174 [Thread-34] WARN  border_intersections: intersection_count (2) is too big!
2024-05-05 13:42:17.944 [Thread-34] WARN  border_intersections: intersection_count (2) is too big!
2024-05-05 13:42:37.199 [Thread-34] WARN  border_intersections: intersection_count (2) is too big!
2024-05-05 13:45:49.218 [Thread-34] WARN  border_intersections: intersection_count (2) is too big!
2024-05-05 13:45:49.221 [Thread-34] WARN  border_intersections: intersection_count (2) is too big!
2024-05-05 13:45:49.790 [Thread-34] WARN  border_intersections: intersection_count (2) is too big!
2024-05-05 13:45:49.793 [Thread-34] WARN  border_intersections: intersection_count (2) is too big!
2024-05-05 13:45:50.079 [Thread-34] WARN  border_intersections: intersection_count (2) is too big!
2024-05-05 13:47:35.246 [Thread-34] WARN  FloatLine: Parameter is null
2024-05-05 13:49:34.159 [Thread-34] WARN  border_intersections: intersection_count (2) is too big!
2024-05-05 13:49:34.162 [Thread-34] WARN  border_intersections: intersection_count (2) is too big!
2024-05-05 13:49:34.194 [Thread-34] WARN  border_intersections: intersection_count (2) is too big!
2024-05-05 13:49:34.486 [Thread-34] WARN  border_intersections: intersection_count (2) is too big!
2024-05-05 13:49:34.486 [Thread-34] WARN  border_intersections: intersection_count (2) is too big!
2024-05-05 13:50:38.887 [Thread-34] WARN  border_intersections: intersection_count (2) is too big!
2024-05-05 13:50:38.890 [Thread-34] WARN  border_intersections: intersection_count (2) is too big!
2024-05-05 13:50:38.916 [Thread-34] WARN  border_intersections: intersection_count (2) is too big!
2024-05-05 13:50:39.116 [Thread-34] WARN  border_intersections: intersection_count (2) is too big!
2024-05-05 13:50:39.117 [Thread-34] WARN  border_intersections: intersection_count (2) is too big!
2024-05-05 14:05:07.282 [Thread-34] WARN  FloatLine: Parameter is null
2024-05-05 14:06:33.857 [Thread-34] WARN  border_intersections: intersection_count (2) is too big!
2024-05-05 14:06:33.861 [Thread-34] WARN  border_intersections: intersection_count (2) is too big!
2024-05-05 14:06:33.942 [Thread-34] WARN  border_intersections: intersection_count (2) is too big!
2024-05-05 14:06:34.278 [Thread-34] WARN  border_intersections: intersection_count (2) is too big!
2024-05-05 14:06:34.279 [Thread-34] WARN  border_intersections: intersection_count (2) is too big!
2024-05-05 14:11:49.756 [Thread-34] WARN  border_intersections: intersection_count (2) is too big!
2024-05-05 14:14:42.349 [Thread-34] WARN  border_intersections: intersection_count (2) is too big!
2024-05-05 14:15:07.341 [Thread-34] WARN  border_intersections: intersection_count (2) is too big!
2024-05-05 14:18:46.208 [Thread-34] WARN  FloatLine: Parameter is null
2024-05-05 14:20:05.630 [Thread-34] WARN  border_intersections: intersection_count (2) is too big!
2024-05-05 14:23:40.550 [Thread-34] WARN  border_intersections: intersection_count (2) is too big!
2024-05-05 14:25:03.490 [Thread-34] WARN  border_intersections: intersection_count (2) is too big!
2024-05-05 14:25:09.144 [Thread-34] WARN  border_intersections: intersection_count (2) is too big!
2024-05-05 14:33:38.638 [Thread-34] WARN  border_intersections: intersection_count (2) is too big!
2024-05-05 14:33:38.820 [Thread-34] WARN  border_intersections: intersection_count (2) is too big!
2024-05-05 14:35:45.208 [Thread-34] WARN  FloatLine: Parameter is null
2024-05-05 14:45:15.476 [Thread-34] WARN  border_intersections: intersection_count (2) is too big!
2024-05-05 14:46:28.353 [Thread-34] WARN  border_intersections: intersection_count (2) is too big!
2024-05-05 14:52:03.503 [Thread-34] WARN  FloatLine: Parameter is null
2024-05-05 15:05:32.569 [Thread-34] WARN  FloatLine: Parameter is null
2024-05-05 15:19:31.799 [Thread-34] WARN  FloatLine: Parameter is null
2024-05-05 15:33:22.088 [Thread-34] WARN  FloatLine: Parameter is null
2024-05-05 15:34:23.719 [Thread-34] WARN  CalcFromSide: start corner was not found
2024-05-05 15:40:14.793 [Thread-34] WARN  border_intersections: intersection_count (2) is too big!
2024-05-05 15:45:43.716 [Thread-34] WARN  FloatLine: Parameter is null
2024-05-05 15:54:11.726 [Thread-34] WARN  border_intersections: intersection_count (2) is too big!
2024-05-05 16:01:11.081 [Thread-34] WARN  FloatLine: Parameter is null
2024-05-05 16:15:26.608 [Thread-34] WARN  FloatLine: Parameter is null
2024-05-05 16:26:05.226 [Thread-34] WARN  border_intersections: intersection_count (2) is too big!
2024-05-05 16:32:33.755 [Thread-34] WARN  FloatLine: Parameter is null
2024-05-05 16:48:59.889 [Thread-34] WARN  FloatLine: Parameter is null
2024-05-05 17:10:34.126 [Thread-34] WARN  FloatLine: Parameter is null
2024-05-05 17:21:25.303 [Thread-34] WARN  border_intersections: intersection_count (2) is too big!
2024-05-05 17:21:38.814 [Thread-34] WARN  border_intersections: intersection_count (2) is too big!
2024-05-05 17:29:46.298 [Thread-34] WARN  FloatLine: Parameter is null
2024-05-05 17:41:36.224 [Thread-34] WARN  border_intersections: intersection_count (2) is too big!
2024-05-05 17:49:50.076 [Thread-34] WARN  border_intersections: intersection_count (2) is too big!
2024-05-05 17:49:54.694 [Thread-34] WARN  border_intersections: intersection_count (2) is too big!
2024-05-05 17:50:17.030 [Thread-34] WARN  FloatLine: Parameter is null
2024-05-05 18:02:55.316 [Thread-34] WARN  border_intersections: intersection_count (2) is too big!
2024-05-05 18:10:04.267 [Thread-34] INFO  Route optimization was completed in 5 hour(s) 21 minute(s) 20.47 seconds and it improved the design by ~60.67%.
2024-05-05 19:10:16.800 [AWT-EventQueue-0] INFO  Saving 'driver_cplex_rp2040.ses'...
2024-05-07 11:22:12.846 [main] INFO  Freerouting v1.9.0 (build-date: 2023-10-30)
2024-05-07 11:22:12.877 [main] INFO  Settings were loaded from freerouting.json
2024-05-07 11:22:13.902 [main] INFO  Opening 'driver_cplex_rp2040.dsn'...
2024-05-07 11:22:13.896 [Thread-3] ERROR java/net/http/HttpClient
java.lang.NoClassDefFoundError: java/net/http/HttpClient
	at app.freerouting.management.VersionChecker.run(VersionChecker.java:23) ~[freerouting-executable.jar:unspecified]
	at java.lang.Thread.run(Unknown Source) [?:?]
Caused by: java.lang.ClassNotFoundException: java.net.http.HttpClient
	at jdk.internal.loader.BuiltinClassLoader.loadClass(Unknown Source) ~[?:?]
	at jdk.internal.loader.ClassLoaders$AppClassLoader.loadClass(Unknown Source) ~[?:?]
	at java.lang.ClassLoader.loadClass(Unknown Source) ~[?:?]
	... 2 more
2024-05-07 11:22:21.873 [Thread-34] INFO  Starting auto-routing...
2024-05-07 11:22:22.332 [Thread-34] WARN  FloatLine: Parameter is null
2024-05-07 11:22:37.418 [Thread-34] WARN  border_intersections: intersection_count (2) is too big!
2024-05-07 11:25:47.404 [Thread-34] WARN  border_intersections: intersection_count (2) is too big!
2024-05-07 11:26:00.325 [Thread-34] WARN  border_intersections: intersection_count (2) is too big!
2024-05-07 11:26:02.316 [Thread-34] WARN  border_intersections: intersection_count (2) is too big!
2024-05-07 11:26:03.697 [Thread-34] WARN  border_intersections: intersection_count (2) is too big!
2024-05-07 11:33:59.619 [Thread-34] WARN  CalcFromSide: start corner was not found
2024-05-07 11:38:30.962 [Thread-34] WARN  border_intersections: intersection_count (2) is too big!
2024-05-07 11:45:57.542 [Thread-34] WARN  border_intersections: intersection_count (2) is too big!
2024-05-07 11:47:59.281 [Thread-34] WARN  There were only 18.20 changes in the last 20 passes, so it's very likely that autorouter can't improve the result much further. It is recommended to stop it and finish the board manually.
2024-05-07 11:48:36.804 [Thread-34] WARN  There were only 17.75 changes in the last 40 passes, so it's very likely that autorouter can't improve the result much further. It is recommended to stop it and finish the board manually.
2024-05-07 11:49:16.923 [Thread-34] WARN  There were only 17.83 changes in the last 60 passes, so it's very likely that autorouter can't improve the result much further. It is recommended to stop it and finish the board manually.
2024-05-07 11:49:54.073 [Thread-34] WARN  There were only 17.85 changes in the last 80 passes, so it's very likely that autorouter can't improve the result much further. It is recommended to stop it and finish the board manually.
2024-05-07 11:50:32.774 [Thread-34] WARN  There were only 17.90 changes in the last 100 passes, so it's very likely that autorouter can't improve the result much further. It is recommended to stop it and finish the board manually.
2024-05-07 11:51:10.829 [Thread-34] WARN  There were only 17.90 changes in the last 120 passes, so it's very likely that autorouter can't improve the result much further. It is recommended to stop it and finish the board manually.
2024-05-07 11:51:51.205 [Thread-34] WARN  There were only 17.93 changes in the last 140 passes, so it's very likely that autorouter can't improve the result much further. It is recommended to stop it and finish the board manually.
2024-05-07 11:52:28.574 [Thread-34] WARN  There were only 17.93 changes in the last 160 passes, so it's very likely that autorouter can't improve the result much further. It is recommended to stop it and finish the board manually.
2024-05-07 11:53:10.413 [Thread-34] WARN  There were only 17.93 changes in the last 180 passes, so it's very likely that autorouter can't improve the result much further. It is recommended to stop it and finish the board manually.
2024-05-07 11:53:49.226 [Thread-34] WARN  There were only 17.93 changes in the last 200 passes, so it's very likely that autorouter can't improve the result much further. It is recommended to stop it and finish the board manually.
2024-05-07 11:53:49.226 [Thread-34] WARN  There was so little change during the recent passes that autorouter will be stopped now.
2024-05-07 11:53:49.227 [Thread-34] INFO  Auto-routing was completed in 31 minute(s) 27.35 seconds.
2024-05-07 11:53:49.328 [Thread-34] INFO  Starting route optimization on 1 thread...
2024-05-07 12:20:36.230 [Thread-34] WARN  border_intersections: intersection_count (2) is too big!
2024-05-07 12:22:25.466 [Thread-34] WARN  IntPoint: p_x is out of range
2024-05-07 12:22:25.466 [Thread-34] WARN  IntPoint: p_x is out of range
2024-05-07 12:22:25.466 [Thread-34] WARN  ShapeSearchTree.overlaps_with_clearance: p_shape is not bounded
2024-05-07 12:22:25.469 [Thread-34] WARN  IntPoint: p_x is out of range
2024-05-07 12:22:25.469 [Thread-34] WARN  IntPoint: p_x is out of range
2024-05-07 12:22:25.470 [Thread-34] WARN  IntPoint: p_x is out of range
2024-05-07 12:22:25.470 [Thread-34] WARN  IntPoint: p_x is out of range
2024-05-07 12:22:27.169 [Thread-34] WARN  IntPoint: p_x is out of range
2024-05-07 12:22:27.169 [Thread-34] WARN  IntPoint: p_x is out of range
2024-05-07 12:22:27.169 [Thread-34] WARN  ShapeSearchTree.overlaps_with_clearance: p_shape is not bounded
2024-05-07 12:22:27.171 [Thread-34] WARN  IntPoint: p_x is out of range
2024-05-07 12:22:27.171 [Thread-34] WARN  IntPoint: p_x is out of range
2024-05-07 12:22:27.172 [Thread-34] WARN  IntPoint: p_x is out of range
2024-05-07 12:22:27.172 [Thread-34] WARN  IntPoint: p_x is out of range
2024-05-07 12:32:45.140 [Thread-34] WARN  FloatLine: Parameter is null
2024-05-07 12:43:51.726 [Thread-34] WARN  border_intersections: intersection_count (2) is too big!
2024-05-07 12:54:35.042 [Thread-34] WARN  border_intersections: intersection_count (2) is too big!
2024-05-07 13:03:45.150 [Thread-34] WARN  border_intersections: intersection_count (2) is too big!
2024-05-07 13:03:59.903 [Thread-34] WARN  border_intersections: intersection_count (2) is too big!
2024-05-07 13:07:41.344 [Thread-34] WARN  border_intersections: intersection_count (2) is too big!
2024-05-07 13:08:07.602 [Thread-34] WARN  border_intersections: intersection_count (2) is too big!
2024-05-07 13:08:17.873 [Thread-34] WARN  CalcFromSide: start corner was not found
2024-05-07 13:08:25.009 [Thread-34] WARN  CalcFromSide: start corner was not found
2024-05-07 13:08:30.869 [Thread-34] WARN  CalcFromSide: start corner was not found
2024-05-07 13:08:32.891 [Thread-34] WARN  CalcFromSide: start corner was not found
2024-05-07 13:08:34.478 [Thread-34] WARN  CalcFromSide: start corner was not found
2024-05-07 13:09:47.399 [Thread-34] WARN  border_intersections: intersection_count (2) is too big!
2024-05-07 13:09:47.671 [Thread-34] WARN  border_intersections: intersection_count (2) is too big!
2024-05-07 13:09:48.662 [Thread-34] WARN  Polyline: must contain at least 2 different points
2024-05-07 13:10:59.767 [Thread-34] WARN  FloatLine: Parameter is null
2024-05-07 13:12:34.123 [Thread-34] WARN  border_intersections: intersection_count (2) is too big!
2024-05-07 13:13:01.608 [Thread-34] WARN  border_intersections: intersection_count (2) is too big!
2024-05-07 13:18:49.193 [Thread-34] WARN  border_intersections: intersection_count (2) is too big!
2024-05-07 13:21:31.813 [Thread-34] WARN  border_intersections: intersection_count (2) is too big!
2024-05-07 13:24:59.988 [Thread-34] WARN  border_intersections: intersection_count (2) is too big!
2024-05-07 13:26:20.708 [Thread-34] WARN  border_intersections: intersection_count (2) is too big!
2024-05-07 13:26:27.753 [Thread-34] WARN  border_intersections: intersection_count (2) is too big!
2024-05-07 13:26:57.738 [Thread-34] WARN  border_intersections: intersection_count (2) is too big!
2024-05-07 13:27:18.413 [Thread-34] WARN  border_intersections: intersection_count (2) is too big!
2024-05-07 13:27:28.353 [Thread-34] WARN  border_intersections: intersection_count (2) is too big!
2024-05-07 13:27:42.109 [Thread-34] WARN  border_intersections: intersection_count (2) is too big!
2024-05-07 13:27:52.108 [Thread-34] WARN  border_intersections: intersection_count (2) is too big!
2024-05-07 13:28:13.265 [Thread-34] WARN  border_intersections: intersection_count (2) is too big!
2024-05-07 13:28:38.179 [Thread-34] WARN  border_intersections: intersection_count (2) is too big!
2024-05-07 13:29:00.708 [Thread-34] WARN  border_intersections: intersection_count (2) is too big!
2024-05-07 13:29:07.253 [Thread-34] WARN  border_intersections: intersection_count (2) is too big!
2024-05-07 13:29:31.385 [Thread-34] WARN  border_intersections: intersection_count (2) is too big!
2024-05-07 13:30:26.420 [Thread-34] WARN  border_intersections: intersection_count (2) is too big!
2024-05-07 13:30:34.936 [Thread-34] WARN  border_intersections: intersection_count (2) is too big!
2024-05-07 13:31:03.244 [Thread-34] WARN  border_intersections: intersection_count (2) is too big!
2024-05-07 13:31:05.449 [Thread-34] WARN  border_intersections: intersection_count (2) is too big!
2024-05-07 13:31:06.083 [Thread-34] WARN  border_intersections: intersection_count (2) is too big!
2024-05-07 13:31:09.101 [Thread-34] WARN  border_intersections: intersection_count (2) is too big!
2024-05-07 13:31:23.586 [Thread-34] WARN  border_intersections: intersection_count (2) is too big!
2024-05-07 13:31:45.389 [Thread-34] WARN  border_intersections: intersection_count (2) is too big!
2024-05-07 13:31:53.487 [Thread-34] WARN  border_intersections: intersection_count (2) is too big!
2024-05-07 13:32:33.160 [Thread-34] WARN  border_intersections: intersection_count (2) is too big!
2024-05-07 13:32:39.211 [Thread-34] WARN  border_intersections: intersection_count (2) is too big!
2024-05-07 13:33:11.959 [Thread-34] WARN  border_intersections: intersection_count (2) is too big!
2024-05-07 13:33:41.083 [Thread-34] WARN  border_intersections: intersection_count (2) is too big!
2024-05-07 13:34:08.324 [Thread-34] WARN  border_intersections: intersection_count (2) is too big!
2024-05-07 13:34:10.063 [Thread-34] WARN  border_intersections: intersection_count (2) is too big!
2024-05-07 13:34:37.597 [Thread-34] WARN  border_intersections: intersection_count (2) is too big!
2024-05-07 13:34:37.731 [Thread-34] WARN  border_intersections: intersection_count (2) is too big!
2024-05-07 13:35:41.430 [Thread-34] WARN  border_intersections: intersection_count (2) is too big!
2024-05-07 13:36:26.136 [Thread-34] WARN  FloatLine: Parameter is null
2024-05-07 13:38:15.588 [Thread-34] WARN  border_intersections: intersection_count (2) is too big!
2024-05-07 13:38:42.632 [Thread-34] WARN  border_intersections: intersection_count (2) is too big!
2024-05-07 13:39:45.786 [Thread-34] WARN  border_intersections: intersection_count (2) is too big!
2024-05-07 13:40:52.230 [Thread-34] WARN  border_intersections: intersection_count (2) is too big!
2024-05-07 13:42:34.224 [Thread-34] WARN  border_intersections: intersection_count (2) is too big!
2024-05-07 13:42:41.586 [Thread-34] WARN  border_intersections: intersection_count (2) is too big!
2024-05-07 13:42:45.844 [Thread-34] WARN  border_intersections: intersection_count (2) is too big!
2024-05-07 13:56:15.822 [Thread-34] WARN  border_intersections: intersection_count (2) is too big!
2024-05-07 13:57:06.293 [Thread-34] WARN  FloatLine: Parameter is null
2024-05-07 14:00:10.839 [Thread-34] WARN  border_intersections: intersection_count (2) is too big!
2024-05-07 14:01:02.128 [Thread-34] WARN  border_intersections: intersection_count (2) is too big!
2024-05-07 14:01:02.564 [Thread-34] WARN  border_intersections: intersection_count (2) is too big!
2024-05-07 14:04:15.970 [Thread-34] WARN  border_intersections: intersection_count (2) is too big!
2024-05-07 14:13:51.242 [Thread-34] WARN  CalcFromSide: start corner was not found
2024-05-07 14:13:58.808 [Thread-34] WARN  CalcFromSide: start corner was not found
2024-05-07 14:14:01.821 [Thread-34] WARN  CalcFromSide: start corner was not found
2024-05-07 14:14:07.464 [Thread-34] WARN  CalcFromSide: start corner was not found
2024-05-07 14:14:15.372 [Thread-34] WARN  CalcFromSide: start corner was not found
2024-05-07 14:14:15.440 [Thread-34] WARN  CalcFromSide: start corner was not found
2024-05-07 14:14:18.335 [Thread-34] WARN  CalcFromSide: start corner was not found
2024-05-07 14:14:23.042 [Thread-34] WARN  CalcFromSide: start corner was not found
2024-05-07 14:14:26.467 [Thread-34] WARN  CalcFromSide: start corner was not found
2024-05-07 14:14:34.459 [Thread-34] WARN  CalcFromSide: start corner was not found
2024-05-07 14:14:34.536 [Thread-34] WARN  CalcFromSide: start corner was not found
2024-05-07 14:14:37.180 [Thread-34] WARN  CalcFromSide: start corner was not found
2024-05-07 14:14:42.253 [Thread-34] WARN  CalcFromSide: start corner was not found
2024-05-07 14:14:45.018 [Thread-34] WARN  CalcFromSide: start corner was not found
2024-05-07 14:14:53.758 [Thread-34] WARN  CalcFromSide: start corner was not found
2024-05-07 14:14:59.092 [Thread-34] WARN  CalcFromSide: start corner was not found
2024-05-07 14:14:59.170 [Thread-34] WARN  CalcFromSide: start corner was not found
2024-05-07 14:15:06.819 [Thread-34] WARN  CalcFromSide: start corner was not found
2024-05-07 14:15:14.240 [Thread-34] WARN  CalcFromSide: start corner was not found
2024-05-07 14:15:20.381 [Thread-34] WARN  CalcFromSide: start corner was not found
2024-05-07 14:15:22.007 [Thread-34] WARN  CalcFromSide: start corner was not found
2024-05-07 14:15:37.805 [Thread-34] WARN  CalcFromSide: start corner was not found
2024-05-07 14:15:40.877 [Thread-34] WARN  CalcFromSide: start corner was not found
2024-05-07 14:15:44.133 [Thread-34] WARN  CalcFromSide: start corner was not found
2024-05-07 14:16:23.890 [Thread-34] WARN  CalcFromSide: start corner was not found
2024-05-07 14:16:28.968 [Thread-34] WARN  CalcFromSide: start corner was not found
2024-05-07 14:17:58.189 [Thread-34] WARN  CalcFromSide: start corner was not found
2024-05-07 14:18:08.289 [Thread-34] WARN  FloatLine: Parameter is null
2024-05-07 14:18:35.347 [Thread-34] WARN  CalcFromSide: start corner was not found
2024-05-07 14:18:59.942 [Thread-34] WARN  CalcFromSide: start corner was not found
2024-05-07 14:22:39.477 [Thread-34] WARN  CalcFromSide: start corner was not found
2024-05-07 14:23:17.533 [Thread-34] WARN  CalcFromSide: start corner was not found
2024-05-07 14:23:25.159 [Thread-34] WARN  CalcFromSide: start corner was not found
2024-05-07 14:24:04.993 [Thread-34] WARN  CalcFromSide: start corner was not found
2024-05-07 14:25:57.780 [Thread-34] WARN  CalcFromSide: start corner was not found
2024-05-07 14:26:08.590 [Thread-34] WARN  CalcFromSide: start corner was not found
2024-05-07 14:27:11.177 [Thread-34] WARN  border_intersections: intersection_count (2) is too big!
2024-05-07 14:27:35.069 [Thread-34] WARN  CalcFromSide: start corner was not found
2024-05-07 14:29:38.971 [Thread-34] WARN  CalcFromSide: start corner was not found
2024-05-07 14:30:00.788 [Thread-34] WARN  CalcFromSide: start corner was not found
2024-05-07 14:30:06.327 [Thread-34] WARN  CalcFromSide: start corner was not found
2024-05-07 14:30:59.217 [Thread-34] WARN  CalcFromSide: start corner was not found
2024-05-07 14:31:33.362 [Thread-34] WARN  CalcFromSide: start corner was not found
2024-05-07 14:37:54.914 [Thread-34] WARN  FloatLine: Parameter is null
2024-05-07 14:45:37.996 [Thread-34] WARN  border_intersections: intersection_count (2) is too big!
2024-05-07 14:58:39.808 [Thread-34] WARN  FloatLine: Parameter is null
2024-05-07 15:07:42.048 [Thread-34] WARN  border_intersections: intersection_count (2) is too big!
2024-05-07 15:16:16.307 [Thread-34] WARN  CalcFromSide: start corner was not found
2024-05-07 15:19:13.646 [Thread-34] WARN  FloatLine: Parameter is null
2024-05-07 15:34:09.339 [Thread-34] WARN  border_intersections: intersection_count (2) is too big!
2024-05-07 15:35:56.970 [Thread-34] WARN  FloatLine: Parameter is null
2024-05-07 15:38:51.559 [Thread-34] WARN  border_intersections: intersection_count (2) is too big!
2024-05-07 15:52:47.028 [Thread-34] WARN  FloatLine: Parameter is null
2024-05-07 15:55:24.023 [Thread-34] WARN  border_intersections: intersection_count (2) is too big!
2024-05-07 15:55:40.727 [Thread-34] WARN  border_intersections: intersection_count (2) is too big!
2024-05-07 15:55:40.739 [Thread-34] WARN  border_intersections: intersection_count (2) is too big!
2024-05-07 15:56:57.131 [Thread-34] WARN  border_intersections: intersection_count (2) is too big!
2024-05-07 16:08:02.524 [Thread-34] WARN  border_intersections: intersection_count (2) is too big!
2024-05-07 16:08:57.163 [Thread-34] WARN  border_intersections: intersection_count (2) is too big!
2024-05-07 16:10:52.956 [Thread-34] WARN  border_intersections: intersection_count (2) is too big!
2024-05-07 16:14:47.801 [Thread-34] WARN  FloatLine: Parameter is null
2024-05-07 16:18:28.360 [Thread-34] WARN  border_intersections: intersection_count (2) is too big!
2024-05-07 16:22:58.640 [Thread-34] WARN  border_intersections: intersection_count (2) is too big!
2024-05-07 16:22:59.812 [Thread-34] WARN  border_intersections: intersection_count (2) is too big!
2024-05-07 16:33:52.516 [Thread-34] WARN  FloatLine: Parameter is null
2024-05-07 16:49:46.814 [Thread-34] WARN  CalcFromSide: start corner was not found
2024-05-07 16:49:48.468 [Thread-34] WARN  CalcFromSide: start corner was not found
2024-05-07 16:49:52.647 [Thread-34] WARN  CalcFromSide: start corner was not found
2024-05-07 16:49:57.001 [Thread-34] WARN  CalcFromSide: start corner was not found
2024-05-07 16:53:42.521 [Thread-34] WARN  FloatLine: Parameter is null
2024-05-07 16:55:00.286 [Thread-34] WARN  border_intersections: intersection_count (2) is too big!
2024-05-07 16:57:05.044 [Thread-34] WARN  border_intersections: intersection_count (2) is too big!
2024-05-07 16:57:05.919 [Thread-34] WARN  border_intersections: intersection_count (2) is too big!
2024-05-07 16:57:07.482 [Thread-34] WARN  border_intersections: intersection_count (2) is too big!
2024-05-07 16:57:08.308 [Thread-34] WARN  border_intersections: intersection_count (2) is too big!
2024-05-07 16:59:19.720 [Thread-34] WARN  border_intersections: intersection_count (2) is too big!
2024-05-07 17:00:47.826 [Thread-34] WARN  border_intersections: intersection_count (2) is too big!
2024-05-07 17:00:49.117 [Thread-34] WARN  border_intersections: intersection_count (2) is too big!
2024-05-07 17:02:30.687 [Thread-34] WARN  border_intersections: intersection_count (2) is too big!
2024-05-07 17:10:53.924 [Thread-34] WARN  CalcFromSide: start corner was not found
2024-05-07 17:13:24.797 [Thread-34] WARN  CalcFromSide: start corner was not found
2024-05-07 17:15:22.733 [Thread-34] WARN  FloatLine: Parameter is null
2024-05-07 17:17:56.912 [Thread-34] WARN  border_intersections: intersection_count (2) is too big!
2024-05-07 17:17:56.971 [Thread-34] WARN  border_intersections: intersection_count (2) is too big!
2024-05-07 17:20:19.720 [Thread-34] WARN  border_intersections: intersection_count (2) is too big!
2024-05-07 17:23:00.943 [Thread-34] WARN  border_intersections: intersection_count (2) is too big!
2024-05-07 17:24:28.410 [Thread-34] WARN  border_intersections: intersection_count (2) is too big!
2024-05-07 17:35:27.601 [Thread-34] WARN  CalcFromSide: start corner was not found
2024-05-07 17:35:28.774 [Thread-34] WARN  CalcFromSide: start corner was not found
2024-05-07 17:35:30.816 [Thread-34] WARN  CalcFromSide: start corner was not found
2024-05-07 17:35:33.506 [Thread-34] WARN  CalcFromSide: start corner was not found
2024-05-07 17:36:43.147 [Thread-34] WARN  CalcFromSide: start corner was not found
2024-05-07 17:36:43.661 [Thread-34] WARN  CalcFromSide: start corner was not found
2024-05-07 17:36:45.787 [Thread-34] WARN  CalcFromSide: start corner was not found
2024-05-07 17:36:48.831 [Thread-34] WARN  CalcFromSide: start corner was not found
2024-05-07 17:40:57.662 [Thread-34] WARN  FloatLine: Parameter is null
2024-05-07 17:44:22.437 [Thread-34] WARN  border_intersections: intersection_count (2) is too big!
2024-05-07 17:45:16.830 [Thread-34] WARN  border_intersections: intersection_count (2) is too big!
2024-05-07 17:45:31.839 [Thread-34] WARN  border_intersections: intersection_count (2) is too big!
2024-05-07 17:57:06.008 [Thread-34] WARN  CalcFromSide: start corner was not found
2024-05-07 17:57:55.721 [Thread-34] WARN  CalcFromSide: start corner was not found
2024-05-07 17:57:59.713 [Thread-34] WARN  CalcFromSide: start corner was not found
2024-05-07 17:58:02.805 [Thread-34] WARN  CalcFromSide: start corner was not found
2024-05-07 17:58:03.167 [Thread-34] WARN  CalcFromSide: start corner was not found
2024-05-07 17:59:42.819 [Thread-34] WARN  CalcFromSide: start corner was not found
2024-05-07 17:59:46.151 [Thread-34] WARN  CalcFromSide: start corner was not found
2024-05-07 17:59:46.529 [Thread-34] WARN  CalcFromSide: start corner was not found
2024-05-07 18:01:19.827 [Thread-34] WARN  FloatLine: Parameter is null
2024-05-07 18:01:44.428 [Thread-34] WARN  border_intersections: intersection_count (2) is too big!
2024-05-07 18:01:56.419 [Thread-34] WARN  border_intersections: intersection_count (2) is too big!
2024-05-07 18:02:58.887 [Thread-34] WARN  border_intersections: intersection_count (2) is too big!
2024-05-07 18:19:36.434 [Thread-34] WARN  FloatLine: Parameter is null
2024-05-07 18:37:05.854 [Thread-34] WARN  CalcFromSide: start corner was not found
2024-05-07 18:38:57.736 [Thread-34] WARN  CalcFromSide: start corner was not found
2024-05-07 18:38:59.059 [Thread-34] WARN  CalcFromSide: start corner was not found
2024-05-07 18:39:00.154 [Thread-34] WARN  CalcFromSide: start corner was not found
2024-05-07 18:39:01.135 [Thread-34] WARN  CalcFromSide: start corner was not found
2024-05-07 18:40:12.386 [Thread-34] WARN  FloatLine: Parameter is null
2024-05-07 18:50:27.731 [Thread-34] WARN  border_intersections: intersection_count (2) is too big!
2024-05-07 18:50:33.563 [Thread-34] WARN  border_intersections: intersection_count (2) is too big!
2024-05-07 18:55:39.540 [Thread-34] WARN  CalcFromSide: start corner was not found
2024-05-07 18:58:49.052 [Thread-34] WARN  border_intersections: intersection_count (2) is too big!
2024-05-07 19:05:02.848 [Thread-34] WARN  FloatLine: Parameter is null
2024-05-07 19:10:39.532 [Thread-34] WARN  border_intersections: intersection_count (2) is too big!
2024-05-07 19:10:42.933 [Thread-34] WARN  border_intersections: intersection_count (2) is too big!
2024-05-07 19:21:13.035 [Thread-34] WARN  CalcFromSide: start corner was not found
2024-05-07 19:22:21.593 [Thread-34] WARN  FloatLine: Parameter is null
2024-05-07 19:27:13.288 [Thread-34] WARN  border_intersections: intersection_count (2) is too big!
2024-05-07 19:27:33.058 [Thread-34] WARN  border_intersections: intersection_count (2) is too big!
2024-05-07 19:27:49.833 [Thread-34] WARN  border_intersections: intersection_count (2) is too big!
2024-05-07 19:29:12.662 [Thread-34] WARN  border_intersections: intersection_count (2) is too big!
2024-05-07 19:31:13.135 [Thread-34] WARN  border_intersections: intersection_count (2) is too big!
2024-05-07 19:31:17.538 [Thread-34] WARN  border_intersections: intersection_count (2) is too big!
2024-05-07 19:31:26.505 [Thread-34] WARN  border_intersections: intersection_count (2) is too big!
2024-05-07 19:31:30.264 [Thread-34] WARN  border_intersections: intersection_count (2) is too big!
2024-05-07 19:31:39.875 [Thread-34] WARN  border_intersections: intersection_count (2) is too big!
2024-05-07 19:31:47.726 [Thread-34] WARN  border_intersections: intersection_count (2) is too big!
2024-05-07 19:31:50.034 [Thread-34] WARN  border_intersections: intersection_count (2) is too big!
2024-05-07 19:31:56.086 [Thread-34] WARN  border_intersections: intersection_count (2) is too big!
2024-05-07 19:32:06.521 [Thread-34] WARN  border_intersections: intersection_count (2) is too big!
2024-05-07 19:32:08.717 [Thread-34] WARN  border_intersections: intersection_count (2) is too big!
2024-05-07 19:32:14.372 [Thread-34] WARN  border_intersections: intersection_count (2) is too big!
2024-05-07 19:33:27.751 [Thread-34] WARN  border_intersections: intersection_count (2) is too big!
2024-05-07 19:33:46.606 [Thread-34] WARN  border_intersections: intersection_count (2) is too big!
2024-05-07 19:42:26.518 [Thread-34] WARN  CalcFromSide: start corner was not found
2024-05-07 19:42:27.323 [Thread-34] WARN  CalcFromSide: start corner was not found
2024-05-07 19:43:43.937 [Thread-34] WARN  FloatLine: Parameter is null
2024-05-07 19:48:15.167 [Thread-34] WARN  border_intersections: intersection_count (2) is too big!
2024-05-07 19:49:36.886 [Thread-34] WARN  border_intersections: intersection_count (2) is too big!
2024-05-07 19:49:39.653 [Thread-34] WARN  border_intersections: intersection_count (2) is too big!
2024-05-07 19:49:40.406 [Thread-34] WARN  border_intersections: intersection_count (2) is too big!
2024-05-07 19:53:15.779 [Thread-34] WARN  border_intersections: intersection_count (2) is too big!
2024-05-07 19:53:16.139 [Thread-34] WARN  border_intersections: intersection_count (2) is too big!
2024-05-07 19:59:06.079 [Thread-34] WARN  CalcFromSide: start corner was not found
2024-05-07 19:59:11.417 [Thread-34] WARN  CalcFromSide: start corner was not found
2024-05-07 19:59:14.198 [Thread-34] WARN  CalcFromSide: start corner was not found
2024-05-07 19:59:18.133 [Thread-34] WARN  CalcFromSide: start corner was not found
2024-05-07 20:00:30.204 [Thread-34] WARN  FloatLine: Parameter is null
2024-05-07 20:12:42.608 [Thread-34] WARN  border_intersections: intersection_count (2) is too big!
2024-05-07 20:13:19.840 [Thread-34] WARN  border_intersections: intersection_count (2) is too big!
2024-05-07 20:20:25.194 [Thread-34] WARN  FloatLine: Parameter is null
2024-05-07 20:25:05.364 [Thread-34] WARN  border_intersections: intersection_count (2) is too big!
2024-05-07 20:25:12.116 [Thread-34] WARN  border_intersections: intersection_count (2) is too big!
2024-05-07 20:33:41.941 [Thread-34] WARN  CalcFromSide: start corner was not found
2024-05-07 20:33:47.256 [Thread-34] WARN  CalcFromSide: start corner was not found
2024-05-07 20:33:50.220 [Thread-34] WARN  CalcFromSide: start corner was not found
2024-05-07 20:33:52.695 [Thread-34] WARN  CalcFromSide: start corner was not found
2024-05-07 20:36:41.832 [Thread-34] WARN  FloatLine: Parameter is null
2024-05-07 20:37:58.919 [Thread-34] WARN  border_intersections: intersection_count (2) is too big!
2024-05-07 20:42:07.946 [Thread-34] WARN  border_intersections: intersection_count (2) is too big!
2024-05-07 20:42:11.241 [Thread-34] WARN  border_intersections: intersection_count (2) is too big!
2024-05-07 20:42:17.674 [Thread-34] WARN  border_intersections: intersection_count (2) is too big!
2024-05-07 20:42:59.017 [Thread-34] WARN  border_intersections: intersection_count (2) is too big!
2024-05-07 20:48:39.788 [Thread-34] WARN  border_intersections: intersection_count (2) is too big!
2024-05-07 20:49:19.519 [Thread-34] WARN  border_intersections: intersection_count (2) is too big!
2024-05-07 20:55:16.951 [Thread-34] WARN  FloatLine: Parameter is null
2024-05-07 20:59:09.993 [Thread-34] WARN  border_intersections: intersection_count (2) is too big!
2024-05-07 20:59:22.692 [Thread-34] WARN  border_intersections: intersection_count (2) is too big!
2024-05-07 20:59:31.712 [Thread-34] WARN  border_intersections: intersection_count (2) is too big!
2024-05-07 20:59:39.746 [Thread-34] WARN  border_intersections: intersection_count (2) is too big!
2024-05-07 20:59:49.612 [Thread-34] WARN  border_intersections: intersection_count (2) is too big!
2024-05-07 21:00:51.632 [Thread-34] WARN  border_intersections: intersection_count (2) is too big!
2024-05-07 21:01:10.509 [Thread-34] WARN  border_intersections: intersection_count (2) is too big!
2024-05-07 21:01:10.706 [Thread-34] WARN  border_intersections: intersection_count (2) is too big!
2024-05-07 21:02:47.936 [Thread-34] WARN  border_intersections: intersection_count (2) is too big!
2024-05-07 21:02:48.072 [Thread-34] WARN  border_intersections: intersection_count (2) is too big!
2024-05-07 21:08:43.423 [Thread-34] WARN  CalcFromSide: start corner was not found
2024-05-07 21:08:44.662 [Thread-34] WARN  CalcFromSide: start corner was not found
2024-05-07 21:08:45.635 [Thread-34] WARN  CalcFromSide: start corner was not found
2024-05-07 21:08:50.429 [Thread-34] WARN  CalcFromSide: start corner was not found
2024-05-07 21:08:52.755 [Thread-34] WARN  CalcFromSide: start corner was not found
2024-05-07 21:08:55.781 [Thread-34] WARN  CalcFromSide: start corner was not found
2024-05-07 21:10:46.540 [Thread-34] WARN  CalcFromSide: start corner was not found
2024-05-07 21:10:47.712 [Thread-34] WARN  CalcFromSide: start corner was not found
2024-05-07 21:10:48.692 [Thread-34] WARN  CalcFromSide: start corner was not found
2024-05-07 21:10:53.627 [Thread-34] WARN  CalcFromSide: start corner was not found
2024-05-07 21:10:55.860 [Thread-34] WARN  CalcFromSide: start corner was not found
2024-05-07 21:10:59.144 [Thread-34] WARN  CalcFromSide: start corner was not found
2024-05-07 21:11:59.680 [Thread-34] WARN  FloatLine: Parameter is null
2024-05-07 21:17:15.719 [Thread-34] WARN  border_intersections: intersection_count (2) is too big!
2024-05-07 21:17:43.641 [Thread-34] WARN  border_intersections: intersection_count (2) is too big!
2024-05-07 21:18:11.744 [Thread-34] WARN  border_intersections: intersection_count (2) is too big!
2024-05-07 21:20:42.638 [Thread-34] WARN  border_intersections: intersection_count (2) is too big!
2024-05-07 21:23:10.364 [Thread-34] WARN  border_intersections: intersection_count (2) is too big!
2024-05-07 21:29:47.174 [Thread-34] WARN  FloatLine: Parameter is null
2024-05-07 21:33:12.887 [Thread-34] WARN  border_intersections: intersection_count (2) is too big!
2024-05-07 21:33:14.714 [Thread-34] WARN  border_intersections: intersection_count (2) is too big!
2024-05-07 21:33:25.405 [Thread-34] WARN  border_intersections: intersection_count (2) is too big!
2024-05-07 21:33:35.821 [Thread-34] WARN  border_intersections: intersection_count (2) is too big!
2024-05-07 21:33:46.322 [Thread-34] WARN  border_intersections: intersection_count (2) is too big!
2024-05-07 21:33:50.564 [Thread-34] WARN  border_intersections: intersection_count (2) is too big!
2024-05-07 21:34:36.278 [Thread-34] WARN  border_intersections: intersection_count (2) is too big!
2024-05-07 21:35:18.477 [Thread-34] WARN  border_intersections: intersection_count (2) is too big!
2024-05-07 21:37:07.776 [Thread-34] WARN  border_intersections: intersection_count (2) is too big!
2024-05-07 21:37:07.893 [Thread-34] WARN  border_intersections: intersection_count (2) is too big!
2024-05-07 21:43:37.034 [Thread-34] WARN  CalcFromSide: start corner was not found
2024-05-07 21:43:38.387 [Thread-34] WARN  CalcFromSide: start corner was not found
2024-05-07 21:43:39.337 [Thread-34] WARN  CalcFromSide: start corner was not found
2024-05-07 21:43:44.144 [Thread-34] WARN  CalcFromSide: start corner was not found
2024-05-07 21:43:47.239 [Thread-34] WARN  CalcFromSide: start corner was not found
2024-05-07 21:43:51.895 [Thread-34] WARN  CalcFromSide: start corner was not found
2024-05-07 21:45:35.739 [Thread-34] WARN  CalcFromSide: start corner was not found
2024-05-07 21:45:37.035 [Thread-34] WARN  CalcFromSide: start corner was not found
2024-05-07 21:45:37.979 [Thread-34] WARN  CalcFromSide: start corner was not found
2024-05-07 21:45:43.988 [Thread-34] WARN  CalcFromSide: start corner was not found
2024-05-07 21:45:46.553 [Thread-34] WARN  CalcFromSide: start corner was not found
2024-05-07 21:45:50.035 [Thread-34] WARN  CalcFromSide: start corner was not found
2024-05-07 21:46:46.060 [Thread-34] WARN  FloatLine: Parameter is null
2024-05-07 21:47:32.128 [Thread-34] WARN  border_intersections: intersection_count (2) is too big!
2024-05-07 21:48:40.383 [Thread-34] WARN  border_intersections: intersection_count (2) is too big!
2024-05-07 21:50:11.358 [Thread-34] WARN  border_intersections: intersection_count (2) is too big!
2024-05-07 21:50:12.207 [Thread-34] WARN  border_intersections: intersection_count (2) is too big!
2024-05-07 21:51:28.845 [Thread-34] WARN  border_intersections: intersection_count (2) is too big!
2024-05-07 21:52:12.470 [Thread-34] WARN  border_intersections: intersection_count (2) is too big!
2024-05-07 21:52:56.923 [Thread-34] WARN  border_intersections: intersection_count (2) is too big!
2024-05-07 21:54:45.721 [Thread-34] WARN  border_intersections: intersection_count (2) is too big!
2024-05-07 21:55:24.229 [Thread-34] WARN  border_intersections: intersection_count (2) is too big!
2024-05-07 21:58:05.863 [Thread-34] WARN  border_intersections: intersection_count (2) is too big!
2024-05-07 21:58:05.918 [Thread-34] WARN  border_intersections: intersection_count (2) is too big!
2024-05-07 22:00:43.538 [Thread-34] WARN  border_intersections: intersection_count (2) is too big!
2024-05-07 22:09:05.035 [Thread-34] WARN  FloatLine: Parameter is null
2024-05-07 22:10:30.270 [Thread-34] WARN  border_intersections: intersection_count (2) is too big!
2024-05-07 22:11:15.099 [Thread-34] WARN  border_intersections: intersection_count (2) is too big!
2024-05-07 22:12:00.546 [Thread-34] WARN  border_intersections: intersection_count (2) is too big!
2024-05-07 22:13:43.131 [Thread-34] WARN  border_intersections: intersection_count (2) is too big!
2024-05-07 22:14:24.225 [Thread-34] WARN  border_intersections: intersection_count (2) is too big!
2024-05-07 22:15:43.272 [Thread-34] WARN  border_intersections: intersection_count (2) is too big!
2024-05-07 22:15:56.948 [Thread-34] WARN  border_intersections: intersection_count (2) is too big!
2024-05-07 22:16:08.852 [Thread-34] WARN  border_intersections: intersection_count (2) is too big!
2024-05-07 22:28:24.660 [Thread-34] WARN  CalcFromSide: start corner was not found
2024-05-07 22:28:25.953 [Thread-34] WARN  CalcFromSide: start corner was not found
2024-05-07 22:28:26.900 [Thread-34] WARN  CalcFromSide: start corner was not found
2024-05-07 22:28:33.016 [Thread-34] WARN  CalcFromSide: start corner was not found
2024-05-07 22:28:35.966 [Thread-34] WARN  CalcFromSide: start corner was not found
2024-05-07 22:28:39.727 [Thread-34] WARN  CalcFromSide: start corner was not found
2024-05-07 22:29:31.178 [Thread-34] WARN  FloatLine: Parameter is null
2024-05-07 22:31:21.807 [Thread-34] WARN  border_intersections: intersection_count (2) is too big!
2024-05-07 22:33:55.906 [Thread-34] WARN  border_intersections: intersection_count (2) is too big!
2024-05-07 22:35:08.100 [Thread-34] WARN  border_intersections: intersection_count (2) is too big!
2024-05-07 22:36:23.668 [Thread-34] WARN  border_intersections: intersection_count (2) is too big!
2024-05-07 22:36:24.010 [Thread-34] WARN  border_intersections: intersection_count (2) is too big!
2024-05-07 22:39:59.860 [Thread-34] WARN  border_intersections: intersection_count (2) is too big!
2024-05-07 22:41:11.044 [Thread-34] WARN  border_intersections: intersection_count (2) is too big!
2024-05-07 22:49:49.611 [Thread-34] WARN  FloatLine: Parameter is null
2024-05-07 22:55:20.729 [Thread-34] WARN  border_intersections: intersection_count (2) is too big!
2024-05-07 22:55:44.807 [Thread-34] WARN  border_intersections: intersection_count (2) is too big!
2024-05-07 22:55:53.808 [Thread-34] WARN  border_intersections: intersection_count (2) is too big!
2024-05-07 22:56:52.750 [Thread-34] WARN  border_intersections: intersection_count (2) is too big!
2024-05-07 23:07:56.704 [Thread-34] WARN  FloatLine: Parameter is null
2024-05-07 23:10:50.439 [Thread-34] WARN  CalcFromSide: start corner was not found
2024-05-07 23:14:39.531 [Thread-34] WARN  border_intersections: intersection_count (2) is too big!
2024-05-07 23:16:23.373 [Thread-34] WARN  border_intersections: intersection_count (2) is too big!
2024-05-07 23:16:23.725 [Thread-34] WARN  border_intersections: intersection_count (2) is too big!
2024-05-07 23:16:32.233 [Thread-34] WARN  border_intersections: intersection_count (2) is too big!
2024-05-07 23:16:50.735 [Thread-34] WARN  border_intersections: intersection_count (2) is too big!
2024-05-07 23:21:23.422 [Thread-34] WARN  border_intersections: intersection_count (2) is too big!
2024-05-07 23:29:46.789 [Thread-34] WARN  border_intersections: intersection_count (2) is too big!
2024-05-07 23:29:51.749 [Thread-34] WARN  border_intersections: intersection_count (2) is too big!
2024-05-07 23:29:58.403 [Thread-34] WARN  FloatLine: Parameter is null
2024-05-07 23:35:59.772 [Thread-34] WARN  border_intersections: intersection_count (2) is too big!
2024-05-07 23:36:24.825 [Thread-34] WARN  border_intersections: intersection_count (2) is too big!
2024-05-07 23:36:35.101 [Thread-34] WARN  border_intersections: intersection_count (2) is too big!
2024-05-07 23:37:25.028 [Thread-34] WARN  border_intersections: intersection_count (2) is too big!
2024-05-07 23:46:53.055 [Thread-34] INFO  Route optimization was completed in 11 hour(s) 53 minute(s) 3.72 seconds and it improved the design by ~58.68%.
2024-05-08 09:08:44.967 [AWT-EventQueue-0] INFO  Saving 'driver_cplex_rp2040.ses'...
